<?xml version="1.0" encoding="UTF-8"?>
<robot generator="Robot 7.0 (Python 3.11.4 on darwin)" generated="2024-03-13T22:25:14.169252" rpa="false" schemaversion="5">
<suite id="s1" name="CreateCase" source="/Users/pinpinn/remote-selling/Testcases/CreateCase.robot">
<test id="s1-t1" name="Post Create Case By Email" line="10">
<kw name="Get Token" owner="GetToken">
<kw name="Create Dictionary" owner="BuiltIn">
<msg time="2024-03-13T22:25:14.313802" level="INFO">${data} = {'client_id': 'ktaxa-case-keeper-service-account', 'client_secret': 'lbmymr0w3KLBgPkclQeBAdcmC58ab7Ca', 'grant_type': 'client_credentials'}</msg>
<var>${data}</var>
<arg>client_id=${clientId}</arg>
<arg>client_secret=${clientSecret}</arg>
<arg>grant_type=client_credentials</arg>
<doc>Creates and returns a dictionary based on the given ``items``.</doc>
<status status="PASS" start="2024-03-13T22:25:14.313651" elapsed="0.000166"/>
</kw>
<kw name="POST" owner="RequestsLibrary">
<msg time="2024-03-13T22:25:14.501953" level="INFO">POST Request : url=https://portal-uat.mac-non-prod.appmanteam.com/auth/realms/mac-portal/protocol/openid-connect/token 
 path_url=/auth/realms/mac-portal/protocol/openid-connect/token 
 headers={'User-Agent': 'python-requests/2.31.0', 'Accept-Encoding': 'gzip, deflate', 'Accept': '*/*', 'Connection': 'keep-alive', 'Content-Length': '120', 'Content-Type': 'application/x-www-form-urlencoded'} 
 body=client_id=ktaxa-case-keeper-service-account&amp;client_secret=lbmymr0w3KLBgPkclQeBAdcmC58ab7Ca&amp;grant_type=client_credentials 
 </msg>
<msg time="2024-03-13T22:25:14.502043" level="INFO">POST Response : url=https://portal-uat.mac-non-prod.appmanteam.com/auth/realms/mac-portal/protocol/openid-connect/token 
 status=200, reason=OK 
 headers={'Date': 'Wed, 13 Mar 2024 15:25:14 GMT', 'Content-Type': 'application/json', 'Content-Length': '1527', 'Connection': 'keep-alive', 'Cache-Control': 'no-store', 'Pragma': 'no-cache', 'Referrer-Policy': 'no-referrer', 'Set-Cookie': 'KC_RESTART=; Version=1; Expires=Thu, 01-Jan-1970 00:00:10 GMT; Max-Age=0; Path=/auth/realms/mac-portal/; Secure; HttpOnly', 'Strict-Transport-Security': 'max-age=31536000; includeSubDomains', 'X-Content-Type-Options': 'nosniff', 'X-Frame-Options': 'SAMEORIGIN', 'X-Xss-Protection': '1; mode=block'} 
 body={"access_token":"eyJhbGciOiJSUzI1NiIsInR5cCIgOiAiSldUIiwia2lkIiA6ICJod214aVRfaDlEQ0RyQ0dJT2lnOU5qU09xb2lpZzFSSFAxUUNubTBSaC1NIn0.eyJleHAiOjE3MTAzNTc5MTQsImlhdCI6MTcxMDM0MzUxNCwianRpIjoiNWY5NzQ5N2ItMTg4OC00NWIyLTlmOGMtZGFhM2I3MGFkZThmIiwiaXNzIjoiaHR0cHM6Ly9wb3J0YWwtdWF0Lm1hYy1ub24tcHJvZC5hcHBtYW50ZWFtLmNvbS9hdXRoL3JlYWxtcy9tYWMtcG9ydGFsIiwic3ViIjoiM2MyNGJkMjUtZDA0NS00YzE2LTk3MGQtMWIzYzM5MGJjZmJiIiwidHlwIjoiQmVhcmVyIiwiYXpwIjoia3RheGEtY2FzZS1rZWVwZXItc2VydmljZS1hY2NvdW50IiwiYWNyIjoiMSIsInJlYWxtX2FjY2VzcyI6eyJyb2xlcyI6WyJkZWZhdWx0LXJvbGVzLW1hYy1wb3J0YWwiLCJvZmZsaW5lX2FjY2VzcyIsInVtYV9hdXRob3JpemF0aW9uIiwiY2xpZW50X2FkbWluIl19LCJzY29wZSI6Imdyb3VwcyBhZ2VudF9jb2RlIGxpY2Vuc2Vfbm8gcHJvZmlsZSB1c2VyX2F0dHJpYnV0ZSBlbWFpbCIsImVtYWlsX3ZlcmlmaWVkIjpmYWxzZSwiY2xpZW50SG9zdCI6IjE2MS44Mi4xNjAuMTk0IiwicHJvdmlkZXIiOiJrdGF4YS1iMmUiLCJwcmVmZXJyZWRfdXNlcm5hbWUiOiJzZXJ2aWNlLWFjY291bnQta3RheGEtY2FzZS1rZWVwZXItc2VydmljZS1hY2NvdW50IiwiY2xpZW50QWRkcmVzcyI6IjE2MS44Mi4xNjAuMTk0IiwiY2xpZW50X2lkIjoia3RheGEtY2FzZS1rZWVwZXItc2VydmljZS1hY2NvdW50In0.kSplnTgvQc23A6b3REqb3myX1P7UF2_SJL7TjCq3cXm005HPKxKBYw4e2ACoclJ5pG7dBNw8ks4B_E2qaBYwTdD4FcZSCsN2IolMrVWQ-9cXqiLLObfHKXCuBuMKQIF9qzYTHWbg7VJtGUAQVhE7lLgIKDm9_TtLX0qoWlylWIw2etcrLfEMJTtyudT8d7s8fKtgMV6TTigZGkr8Sj19U_VR2l0CwHWUdp73ajgL4yfTbSWEYjDN4pXR0X7wwa0bZeNtedNbwbVV91urDO_5WX38pln2BWhOAwnYQSSduMBT-ZKMef4_w0lFNxiz5bnHIjxcqD-aGcEMSQEBSrWeng","expires_in":14400,"refresh_expires_in":0,"token_type":"Bearer","not-before-policy":0,"scope":"groups agent_code license_no profile user_attribute email"} 
 </msg>
<msg time="2024-03-13T22:25:14.502194" level="INFO">${response} = &lt;Response [200]&gt;</msg>
<var>${response}</var>
<arg>${authUrl}</arg>
<arg>data=${data}</arg>
<doc>Sends a POST request.</doc>
<status status="PASS" start="2024-03-13T22:25:14.313892" elapsed="0.188326"/>
</kw>
<kw name="Set Variable" owner="BuiltIn">
<msg time="2024-03-13T22:25:14.502948" level="INFO">${responseBody} = {"access_token":"eyJhbGciOiJSUzI1NiIsInR5cCIgOiAiSldUIiwia2lkIiA6ICJod214aVRfaDlEQ0RyQ0dJT2lnOU5qU09xb2lpZzFSSFAxUUNubTBSaC1NIn0.eyJleHAiOjE3MTAzNTc5MTQsImlhdCI6MTcxMDM0MzUxNCwianRpIjoiNWY5NzQ5N2ItMTg...</msg>
<var>${responseBody}</var>
<arg>${response.text}</arg>
<doc>Returns the given values which can then be assigned to a variables.</doc>
<status status="PASS" start="2024-03-13T22:25:14.502446" elapsed="0.000528"/>
</kw>
<kw name="Evaluate" owner="BuiltIn">
<msg time="2024-03-13T22:25:14.503356" level="INFO">${responseDict} = {'access_token': 'eyJhbGciOiJSUzI1NiIsInR5cCIgOiAiSldUIiwia2lkIiA6ICJod214aVRfaDlEQ0RyQ0dJT2lnOU5qU09xb2lpZzFSSFAxUUNubTBSaC1NIn0.eyJleHAiOjE3MTAzNTc5MTQsImlhdCI6MTcxMDM0MzUxNCwianRpIjoiNWY5NzQ5N2ItMT...</msg>
<var>${responseDict}</var>
<arg>json.loads($responseBody)</arg>
<doc>Evaluates the given expression in Python and returns the result.</doc>
<status status="PASS" start="2024-03-13T22:25:14.503099" elapsed="0.000280"/>
</kw>
<kw name="Get From Dictionary" owner="Collections">
<msg time="2024-03-13T22:25:14.503639" level="INFO">${accessToken} = eyJhbGciOiJSUzI1NiIsInR5cCIgOiAiSldUIiwia2lkIiA6ICJod214aVRfaDlEQ0RyQ0dJT2lnOU5qU09xb2lpZzFSSFAxUUNubTBSaC1NIn0.eyJleHAiOjE3MTAzNTc5MTQsImlhdCI6MTcxMDM0MzUxNCwianRpIjoiNWY5NzQ5N2ItMTg4OC00NWIyLTlmOGMt...</msg>
<var>${accessToken}</var>
<arg>${responseDict}</arg>
<arg>access_token</arg>
<doc>Returns a value from the given ``dictionary`` based on the given ``key``.</doc>
<status status="PASS" start="2024-03-13T22:25:14.503500" elapsed="0.000160"/>
</kw>
<kw name="Return From Keyword" owner="BuiltIn">
<msg time="2024-03-13T22:25:14.503834" level="INFO">Returning from the enclosing user keyword.</msg>
<arg>${accessToken}</arg>
<doc>Returns from the enclosing user keyword.</doc>
<status status="PASS" start="2024-03-13T22:25:14.503773" elapsed="0.000122"/>
</kw>
<msg time="2024-03-13T22:25:14.504008" level="INFO">${accessToken} = eyJhbGciOiJSUzI1NiIsInR5cCIgOiAiSldUIiwia2lkIiA6ICJod214aVRfaDlEQ0RyQ0dJT2lnOU5qU09xb2lpZzFSSFAxUUNubTBSaC1NIn0.eyJleHAiOjE3MTAzNTc5MTQsImlhdCI6MTcxMDM0MzUxNCwianRpIjoiNWY5NzQ5N2ItMTg4OC00NWIyLTlmOGMt...</msg>
<var>${accessToken}</var>
<arg>${clientId}</arg>
<arg>${clientSecret}</arg>
<arg>${authUrl}</arg>
<status status="PASS" start="2024-03-13T22:25:14.313153" elapsed="0.190875"/>
</kw>
<kw name="Create Case" owner="CreateCase">
<kw name="Create Dictionary" owner="BuiltIn">
<msg time="2024-03-13T22:25:14.504978" level="INFO">${headers} = {}</msg>
<var>${headers}</var>
<doc>Creates and returns a dictionary based on the given ``items``.</doc>
<status status="PASS" start="2024-03-13T22:25:14.504679" elapsed="0.000325"/>
</kw>
<kw name="Create Dictionary" owner="BuiltIn">
<msg time="2024-03-13T22:25:14.505244" level="INFO">${data} = {}</msg>
<var>${data}</var>
<doc>Creates and returns a dictionary based on the given ``items``.</doc>
<status status="PASS" start="2024-03-13T22:25:14.505130" elapsed="0.000134"/>
</kw>
<kw name="Set To Dictionary" owner="Collections">
<arg>${headers}</arg>
<arg>Content-Type</arg>
<arg>application/json</arg>
<doc>Adds the given ``key_value_pairs`` and/or ``items`` to the ``dictionary``.</doc>
<status status="PASS" start="2024-03-13T22:25:14.505357" elapsed="0.000104"/>
</kw>
<kw name="Set To Dictionary" owner="Collections">
<arg>${headers}</arg>
<arg>Authorization</arg>
<arg>Bearer ${accessToken}</arg>
<doc>Adds the given ``key_value_pairs`` and/or ``items`` to the ``dictionary``.</doc>
<status status="PASS" start="2024-03-13T22:25:14.505550" elapsed="0.000111"/>
</kw>
<kw name="Get File" owner="OperatingSystem">
<msg time="2024-03-13T22:25:14.505861" level="INFO" html="true">Getting file '&lt;a href="file:///Users/pinpinn/remote-selling/Body/TwoProprietorCaseByEmail.json"&gt;/Users/pinpinn/remote-selling/Body/TwoProprietorCaseByEmail.json&lt;/a&gt;'.</msg>
<msg time="2024-03-13T22:25:14.506273" level="INFO">${filePath} = {
    "caseType": {
        "key": "default",
        "code": "001",
        "translations": {
            "en": {
                "label": "Remote Selling"
            },
            "th": {
        ...</msg>
<var>${filePath}</var>
<arg>${EXECDIR}/Body/${caseType}.json</arg>
<doc>Returns the contents of a specified file.</doc>
<status status="PASS" start="2024-03-13T22:25:14.505753" elapsed="0.000635"/>
</kw>
<kw name="Evaluate" owner="BuiltIn">
<msg time="2024-03-13T22:25:14.506775" level="INFO">${jsonData} = {'caseType': {'key': 'default', 'code': '001', 'translations': {'en': {'label': 'Remote Selling'}, 'th': {'label': 'Remote Selling'}}}, 'proprietors': [{'expiryDuration': 'P30D', 'proprietorType': 'in...</msg>
<var>${jsonData}</var>
<arg>json.loads('''${filePath}''')</arg>
<doc>Evaluates the given expression in Python and returns the result.</doc>
<status status="PASS" start="2024-03-13T22:25:14.506476" elapsed="0.000316"/>
</kw>
<kw name="POST" owner="RequestsLibrary">
<msg time="2024-03-13T22:25:19.178686" level="INFO">POST Request : url=https://portal-uat.mac-non-prod.appmanteam.com/api/v2/case-keeper/cases 
 path_url=/api/v2/case-keeper/cases 
 headers={'User-Agent': 'python-requests/2.31.0', 'Accept-Encoding': 'gzip, deflate', 'Accept': '*/*', 'Connection': 'keep-alive', 'Content-Type': 'application/json', 'Authorization': 'Bearer eyJhbGciOiJSUzI1NiIsInR5cCIgOiAiSldUIiwia2lkIiA6ICJod214aVRfaDlEQ0RyQ0dJT2lnOU5qU09xb2lpZzFSSFAxUUNubTBSaC1NIn0.eyJleHAiOjE3MTAzNTc5MTQsImlhdCI6MTcxMDM0MzUxNCwianRpIjoiNWY5NzQ5N2ItMTg4OC00NWIyLTlmOGMtZGFhM2I3MGFkZThmIiwiaXNzIjoiaHR0cHM6Ly9wb3J0YWwtdWF0Lm1hYy1ub24tcHJvZC5hcHBtYW50ZWFtLmNvbS9hdXRoL3JlYWxtcy9tYWMtcG9ydGFsIiwic3ViIjoiM2MyNGJkMjUtZDA0NS00YzE2LTk3MGQtMWIzYzM5MGJjZmJiIiwidHlwIjoiQmVhcmVyIiwiYXpwIjoia3RheGEtY2FzZS1rZWVwZXItc2VydmljZS1hY2NvdW50IiwiYWNyIjoiMSIsInJlYWxtX2FjY2VzcyI6eyJyb2xlcyI6WyJkZWZhdWx0LXJvbGVzLW1hYy1wb3J0YWwiLCJvZmZsaW5lX2FjY2VzcyIsInVtYV9hdXRob3JpemF0aW9uIiwiY2xpZW50X2FkbWluIl19LCJzY29wZSI6Imdyb3VwcyBhZ2VudF9jb2RlIGxpY2Vuc2Vfbm8gcHJvZmlsZSB1c2VyX2F0dHJpYnV0ZSBlbWFpbCIsImVtYWlsX3ZlcmlmaWVkIjpmYWxzZSwiY2xpZW50SG9zdCI6IjE2MS44Mi4xNjAuMTk0IiwicHJvdmlkZXIiOiJrdGF4YS1iMmUiLCJwcmVmZXJyZWRfdXNlcm5hbWUiOiJzZXJ2aWNlLWFjY291bnQta3RheGEtY2FzZS1rZWVwZXItc2VydmljZS1hY2NvdW50IiwiY2xpZW50QWRkcmVzcyI6IjE2MS44Mi4xNjAuMTk0IiwiY2xpZW50X2lkIjoia3RheGEtY2FzZS1rZWVwZXItc2VydmljZS1hY2NvdW50In0.kSplnTgvQc23A6b3REqb3myX1P7UF2_SJL7TjCq3cXm005HPKxKBYw4e2ACoclJ5pG7dBNw8ks4B_E2qaBYwTdD4FcZSCsN2IolMrVWQ-9cXqiLLObfHKXCuBuMKQIF9qzYTHWbg7VJtGUAQVhE7lLgIKDm9_TtLX0qoWlylWIw2etcrLfEMJTtyudT8d7s8fKtgMV6TTigZGkr8Sj19U_VR2l0CwHWUdp73ajgL4yfTbSWEYjDN4pXR0X7wwa0bZeNtedNbwbVV91urDO_5WX38pln2BWhOAwnYQSSduMBT-ZKMef4_w0lFNxiz5bnHIjxcqD-aGcEMSQEBSrWeng', 'Content-Length': '2847'} 
 body=b'{"caseType": {"key": "default", "code": "001", "translations": {"en": {"label": "Remote Selling"}, "th": {"label": "Remote Selling"}}}, "proprietors": [{"expiryDuration": "P30D", "proprietorType": "insured", "citizenId": "1100400984897", "firstName": "xxx", "middleName": null, "lastName": "\\u0e42\\u0e2d\\u0e1a\\u0e01\\u0e34\\u0e08\\u0e01\\u0e32\\u0e08\\u0e1e\\u0e25", "inviteType": "email", "email": "jidapa.o@appman.co.th", "title": {"key": "005", "code": "005", "sex": "M", "translations": {"en": {"label": "Mr."}, "th": {"label": "\\u0e19\\u0e32\\u0e22"}}, "value": "005", "label": "Mr."}, "dateOfBirth": "1999-04-02", "meta": {"insuredTitle": {"key": "005", "code": "005", "sex": "M", "translations": {"en": {"label": "Mr."}, "th": {"label": "\\u0e19\\u0e32\\u0e22"}, "id": {"label": "Tuan"}}, "value": "005", "label": "Mr."}, "insuredFirstName": "\\u0e08\\u0e34\\u0e14\\u0e32\\u0e20\\u0e32", "insuredMiddleName": null, "insuredLastName": "\\u0e42\\u0e2d\\u0e1a\\u0e01\\u0e34\\u0e08\\u0e01\\u0e32\\u0e08\\u0e1e\\u0e25"}, "verifications": [{"frontIdCardConfig": {"required": true, "isEditable": true, "dependenciesRequired": false, "threshHold": 0.8, "attempts": 3}, "backIdCardConfig": {"required": true, "isEditable": true, "dependenciesRequired": false, "threshHold": 0.8, "attempts": 3}, "dopaConfig": {"required": false, "isEditable": true, "dependenciesRequired": true, "attempts": 3}, "idFaceRecognitionConfig": {"required": true, "isEditable": true, "dependenciesRequired": false, "attempts": 3, "threshHold": 0.8}}]}, {"expiryDuration": "P30D", "proprietorType": "payer", "citizenId": "1100400984897", "firstName": "\\u0e08\\u0e34\\u0e14\\u0e32\\u0e20\\u0e32", "middleName": null, "lastName": "\\u0e42\\u0e2d\\u0e1a\\u0e01\\u0e34\\u0e08\\u0e01\\u0e32\\u0e08\\u0e1e\\u0e25", "title": {"key": "005", "code": "005", "sex": "M", "translations": {"en": {"label": "Mr."}, "th": {"label": "\\u0e19\\u0e32\\u0e22"}}, "value": "005", "label": "Mr."}, "dateOfBirth": "1999-04-02", "meta": {"insuredTitle": {"key": "005", "code": "005", "sex": "M", "translations": {"en": {"label": "Mr."}, "th": {"label": "\\u0e19\\u0e32\\u0e22"}, "id": {"label": "Tuan"}}, "value": "005", "label": "Mr."}, "insuredFirstName": "\\u0e08\\u0e34\\u0e14\\u0e32\\u0e20\\u0e32", "insuredMiddleName": null, "insuredLastName": "\\u0e42\\u0e2d\\u0e1a\\u0e01\\u0e34\\u0e08\\u0e01\\u0e32\\u0e08\\u0e1e\\u0e25"}, "verifications": [{"frontIdCardConfig": {"required": true, "isEditable": true, "dependenciesRequired": false, "threshHold": 0.8, "attempts": 3}, "backIdCardConfig": {"required": true, "isEditable": true, "dependenciesRequired": false, "threshHold": 0.8, "attempts": 3}, "dopaConfig": {"required": false, "isEditable": true, "dependenciesRequired": true, "attempts": 3}, "idFaceRecognitionConfig": {"required": true, "isEditable": true, "dependenciesRequired": false, "attempts": 3, "threshHold": 0.8}}]}], "attachMeetingRoom": true}' 
 </msg>
<msg time="2024-03-13T22:25:19.178930" level="INFO">POST Response : url=https://portal-uat.mac-non-prod.appmanteam.com/api/v2/case-keeper/cases 
 status=201, reason=Created 
 headers={'Date': 'Wed, 13 Mar 2024 15:25:19 GMT', 'Content-Type': 'application/json; charset=utf-8', 'Content-Length': '2022', 'Connection': 'keep-alive', 'Access-Control-Allow-Credentials': 'true', 'Access-Control-Expose-Headers': 'X-Frame-Options,Strict-Transport-Security,X-Content-Type-Options,X-XSS-Protection', 'Content-Encoding': 'gzip', 'Etag': 'W/"4d88-Idp//lVg/fa9fjdiOK6nuUARDvc"', 'Set-Cookie': 'connect.sid=s%3AOFwMdDV6gUSiYAZNhhmfbmIXe5uWoPjg.PIyCGEdLnR%2F9Jq9kEsOWHJtmmnp%2FPoOC0BoXGtdN%2Fl8; Path=/; HttpOnly', 'Strict-Transport-Security': 'max-age=315360000; includeSubDomains; preload', 'Vary': 'Accept-Encoding', 'X-Content-Type-Options': 'nosniff', 'X-Xss-Protection': '1; mode=block'} 
 body={"id":"057679f2-0715-42fc-8a92-681cd4440d93","createdAt":"2024-03-13T15:25:14.743Z","updatedAt":"2024-03-13T15:25:15.170Z","deletedAt":null,"userId":"3c24bd25-d045-4c16-970d-1b3c390bcfbb","user":{"id":"3c24bd25-d045-4c16-970d-1b3c390bcfbb","createdAt":"2024-03-12T11:45:39.194Z","updatedAt":"2024-03-12T11:45:39.194Z","deletedAt":null,"username":"service-account-ktaxa-case-keeper-service-account","firstName":null,"lastName":null,"email":null,"phoneNumber":null,"licenseNumber":null,"licenseExpiresAt":null,"agentCode":null,"role":{"id":"719eae65-ef2e-49ee-bc65-e25dbeeddf38","createdAt":"2022-09-02T05:16:00.902Z","updatedAt":"2022-09-02T05:16:00.902Z","deletedAt":null,"name":"client_admin","priority":0},"groups":[]},"status":"inProgress","caseStatus":"inProgress","remark":null,"appNumber":null,"department":null,"meetingRoomId":"5b5c-41c8-b8b0","caseType":{"key":"default","code":"001","translations":{"en":{"label":"Remote Selling"},"th":{"label":"Remote Selling"}}},"voiceScripts":null,"proprietors":[{"id":"a9d537e2-5d63-454c-b3f4-5f8e5372f413","createdAt":"2024-03-13T15:25:15.592Z","updatedAt":"2024-03-13T15:25:18.288Z","deletedAt":null,"userId":"3c24bd25-d045-4c16-970d-1b3c390bcfbb","caseId":"057679f2-0715-42fc-8a92-681cd4440d93","guardianId":null,"proprietorType":"insured","inviteType":"email","countryCode":"TH","citizenId":"1100400984897","passportNumber":null,"title":{"key":"005","code":"005","sex":"M","translations":{"en":{"label":"Mr."},"th":{"label":"นาย"}},"value":"005","label":"Mr."},"firstName":"xxx","middleName":null,"lastName":"โอบกิจกาจพล","dateOfBirth":"1999-04-02","phoneNumber":null,"email":"jidapa.o@appman.co.th","verificationRef":"5854c7d1-9d33-4798-b535-70290b012fe8","verificationCache":{"ref":null,"verificationId":null,"reusedResults":null,"userId":"3c24bd25-d045-4c16-970d-1b3c390bcfbb","status":"open","notifyType":"none","expiresAt":"2024-04-12T15:25:16.503Z","verifiedAt":null,"frontIdCardConfig":{"attempts":3,"required":true,"isEditable":true,"threshHold":0.8,"validations":[],"currentAttempt":3,"dependenciesRequired":false,"compareNonEssentialFields":false},"passportConfig":{"required":false},"backIdCardConfig":{"attempts":3,"required":true,"isEditable":true,"threshHold":0.8,"currentAttempt":3,"dependenciesRequired":false},"idFaceRecognitionConfig":{"attempts":3,"required":true,"threshHold":0.8,"currentAttempt":3,"livenessProvider":"facetecXAWS","dependenciesRequired":false},"dipChipConfig":{"required":false},"amloConfig":{"required":false},"dopaConfig":{"required":false},"criminalCheckConfig":{"required":false},"sanctionConfig":{"required":false},"employmentVerificationConfig":{"required":false},"bankruptcyConfig":{"required":false},"educationCheckConfig":{"required":false},"incomeCheckConfig":{"required":false},"referenceCheckConfig":{"required":false},"citizenId":"1100400984897","passportNumber":null,"laserCode":null,"firstName":"xxx","middleName":null,"lastName":"โอบกิจกาจพล","dateOfBirth":"1999-04-02","email":"jidapa.o@appman.co.th","phoneNumber":null,"frontIdCardResult":null,"frontIdCardResults":null,"passportResult":null,"passportResults":null,"backIdCardResult":null,"backIdCardResults":null,"idFaceRecognitionResult":null,"idFaceRecognitionResults":null,"amloResult":null,"amloResults":null,"dopaResult":null,"dopaResults":null,"dipChipResult":null,"dipChipResults":null,"criminalCheckResult":null,"criminalCheckResults":null,"employmentVerificationResult":null,"employmentVerificationResults":null,"bankruptcyResult":null,"bankruptcyResults":null,"sanctionResult":null,"sanctionResults":null,"educationCheckResult":null,"educationCheckResults":null,"incomeCheckResult":null,"incomeCheckResults":null,"referenceCheckResult":null,"referenceCheckResults":null,"appointment":null,"pdpaConsented":false,"feedback":null,"meta":{"proprietor":{"case":{"id":"057679f2-0715-42fc-8a92-681cd4440d93","caseType":{"key":"default","code":"001","translations":{"en":{"label":"Remote Selling"},"th":{"label":"Remote Selling"}}},"policies":[]},"lastName":"โอบกิจกาจพล","firstName":"xxx"},"insuredTitle":{"key":"005","sex":"M","code":"005","label":"Mr.","value":"005","translations":{"en":{"label":"Mr."},"id":{"label":"Tuan"},"th":{"label":"นาย"}}},"insuredLastName":"โอบกิจกาจพล","insuredFirstName":"จิดาภา","insuredMiddleName":null},"kycStatus":"open","kycVerifiedAt":null,"dipChipStatus":"unspecified","dipChipVerifiedAt":null,"criminalCheckStatus":"unspecified","criminalCheckVerifiedAt":null,"employmentVerificationStatus":"unspecified","employmentVerificationVerifiedAt":null,"bankruptcyStatus":"unspecified","bankruptcyVerifiedAt":null,"sanctionStatus":"unspecified","sanctionVerifiedAt":null,"educationCheckStatus":"unspecified","educationCheckVerifiedAt":null,"educationCheckDocumentStatus":"unspecified","incomeCheckStatus":"unspecified","incomeCheckVerifiedAt":null,"referenceCheckStatus":"unspecified","referenceCheckVerifiedAt":null,"smsNotifyContent":null,"emailNotifyContent":null,"emailNotifySubject":null,"approvalStatus":"inProgress","approvalRemark":null,"position":null,"department":null,"id":"5854c7d1-9d33-4798-b535-70290b012fe8","createdAt":"2024-03-13T15:25:16.579Z","updatedAt":"2024-03-13T15:25:16.579Z","deletedAt":null},"certificationNumber":null,"memberNumber":null,"expiresAt":null,"verifiedAt":null,"expiryDuration":"P30D","meta":{"insuredTitle":{"key":"005","code":"005","sex":"M","translations":{"en":{"label":"Mr."},"th":{"label":"นาย"},"id":{"label":"Tuan"}},"value":"005","label":"Mr."},"insuredFirstName":"จิดาภา","insuredMiddleName":null,"insuredLastName":"โอบกิจกาจพล","proprietor":{"firstName":"xxx","lastName":"โอบกิจกาจพล","case":{"id":"057679f2-0715-42fc-8a92-681cd4440d93","caseType":{"key":"default","code":"001","translations":{"en":{"label":"Remote Selling"},"th":{"label":"Remote Selling"}}},"policies":[]}}},"verifications":[{"ref":null,"verificationId":null,"reusedResults":null,"proprietors":[{"id":"a9d537e2-5d63-454c-b3f4-5f8e5372f413","createdAt":"2024-03-13T15:25:15.592Z","updatedAt":"2024-03-13T15:25:15.592Z","deletedAt":null,"userId":"3c24bd25-d045-4c16-970d-1b3c390bcfbb","caseId":"057679f2-0715-42fc-8a92-681cd4440d93","guardianId":null,"proprietorType":"insured","inviteType":"email","countryCode":"TH","citizenId":"1100400984897","passportNumber":null,"title":{"key":"005","sex":"M","code":"005","label":"Mr.","value":"005","translations":{"en":{"label":"Mr."},"th":{"label":"นาย"}}},"firstName":"xxx","middleName":null,"lastName":"โอบกิจกาจพล","dateOfBirth":"1999-04-02","phoneNumber":null,"email":"jidapa.o@appman.co.th","verificationRef":null,"verificationCache":null,"certificationNumber":null,"memberNumber":null,"expiresAt":null,"verifiedAt":null}],"userId":"3c24bd25-d045-4c16-970d-1b3c390bcfbb","status":"open","notifyType":"none","expiresAt":"2024-04-12T15:25:16.503Z","verifiedAt":null,"frontIdCardConfig":{"attempts":3,"required":true,"isEditable":true,"threshHold":0.8,"validations":[],"currentAttempt":3,"dependenciesRequired":false,"compareNonEssentialFields":false},"passportConfig":{"required":false},"backIdCardConfig":{"attempts":3,"required":true,"isEditable":true,"threshHold":0.8,"currentAttempt":3,"dependenciesRequired":false},"idFaceRecognitionConfig":{"attempts":3,"required":true,"threshHold":0.8,"currentAttempt":3,"livenessProvider":"facetecXAWS","dependenciesRequired":false},"dipChipConfig":{"required":false},"amloConfig":{"required":false},"dopaConfig":{"required":false},"criminalCheckConfig":{"required":false},"sanctionConfig":{"required":false},"employmentVerificationConfig":{"required":false},"bankruptcyConfig":{"required":false},"educationCheckConfig":{"required":false},"incomeCheckConfig":{"required":false},"referenceCheckConfig":{"required":false},"citizenId":"1100400984897","passportNumber":null,"laserCode":null,"firstName":"xxx","middleName":null,"lastName":"โอบกิจกาจพล","dateOfBirth":"1999-04-02","email":"jidapa.o@appman.co.th","phoneNumber":null,"frontIdCardResult":null,"frontIdCardResults":null,"passportResult":null,"passportResults":null,"backIdCardResult":null,"backIdCardResults":null,"idFaceRecognitionResult":null,"idFaceRecognitionResults":null,"amloResult":null,"amloResults":null,"dopaResult":null,"dopaResults":null,"dipChipResult":null,"dipChipResults":null,"criminalCheckResult":null,"criminalCheckResults":null,"employmentVerificationResult":null,"employmentVerificationResults":null,"bankruptcyResult":null,"bankruptcyResults":null,"sanctionResult":null,"sanctionResults":null,"educationCheckResult":null,"educationCheckResults":null,"incomeCheckResult":null,"incomeCheckResults":null,"referenceCheckResult":null,"referenceCheckResults":null,"appointment":null,"pdpaConsented":false,"feedback":null,"meta":{"proprietor":{"case":{"id":"057679f2-0715-42fc-8a92-681cd4440d93","caseType":{"key":"default","code":"001","translations":{"en":{"label":"Remote Selling"},"th":{"label":"Remote Selling"}}},"policies":[]},"lastName":"โอบกิจกาจพล","firstName":"xxx"},"insuredTitle":{"key":"005","sex":"M","code":"005","label":"Mr.","value":"005","translations":{"en":{"label":"Mr."},"id":{"label":"Tuan"},"th":{"label":"นาย"}}},"insuredLastName":"โอบกิจกาจพล","insuredFirstName":"จิดาภา","insuredMiddleName":null},"kycStatus":"open","kycVerifiedAt":null,"dipChipStatus":"unspecified","dipChipVerifiedAt":null,"criminalCheckStatus":"unspecified","criminalCheckVerifiedAt":null,"employmentVerificationStatus":"unspecified","employmentVerificationVerifiedAt":null,"bankruptcyStatus":"unspecified","bankruptcyVerifiedAt":null,"sanctionStatus":"unspecified","sanctionVerifiedAt":null,"educationCheckStatus":"unspecified","educationCheckVerifiedAt":null,"educationCheckDocumentStatus":"unspecified","incomeCheckStatus":"unspecified","incomeCheckVerifiedAt":null,"referenceCheckStatus":"unspecified","referenceCheckVerifiedAt":null,"smsNotifyContent":null,"emailNotifyContent":null,"emailNotifySubject":null,"approvalStatus":"inProgress","approvalRemark":null,"position":null,"department":null,"id":"5854c7d1-9d33-4798-b535-7... (set the log level to DEBUG or TRACE to see the full content) 
 </msg>
<msg time="2024-03-13T22:25:19.179457" level="INFO">${responseCases} = &lt;Response [201]&gt;</msg>
<var>${responseCases}</var>
<arg>${baseUrl}/cases</arg>
<arg>json=${jsonData}</arg>
<arg>headers=${headers}</arg>
<doc>Sends a POST request.</doc>
<status status="PASS" start="2024-03-13T22:25:14.506867" elapsed="4.672622"/>
</kw>
<kw name="Set Variable" owner="BuiltIn">
<msg time="2024-03-13T22:25:19.180553" level="INFO">${responseBodyCases} = {"id":"057679f2-0715-42fc-8a92-681cd4440d93","createdAt":"2024-03-13T15:25:14.743Z","updatedAt":"2024-03-13T15:25:15.170Z","deletedAt":null,"userId":"3c24bd25-d045-4c16-970d-1b3c390bcfbb","user":{"id"...</msg>
<var>${responseBodyCases}</var>
<arg>${responseCases.text}</arg>
<doc>Returns the given values which can then be assigned to a variables.</doc>
<status status="PASS" start="2024-03-13T22:25:19.179796" elapsed="0.000791"/>
</kw>
<kw name="Evaluate" owner="BuiltIn">
<msg time="2024-03-13T22:25:19.181679" level="INFO">${responseDictCases} = {'id': '057679f2-0715-42fc-8a92-681cd4440d93', 'createdAt': '2024-03-13T15:25:14.743Z', 'updatedAt': '2024-03-13T15:25:15.170Z', 'deletedAt': None, 'userId': '3c24bd25-d045-4c16-970d-1b3c390bcfbb', 'u...</msg>
<var>${responseDictCases}</var>
<arg>json.loads($responseBodyCases)</arg>
<arg>json</arg>
<doc>Evaluates the given expression in Python and returns the result.</doc>
<status status="PASS" start="2024-03-13T22:25:19.180716" elapsed="0.000992"/>
</kw>
<kw name="Set Test Variable" owner="BuiltIn">
<msg time="2024-03-13T22:25:19.182637" level="INFO">${responseDictCases} = {'id': '057679f2-0715-42fc-8a92-681cd4440d93', 'createdAt': '2024-03-13T15:25:14.743Z', 'updatedAt': '2024-03-13T15:25:15.170Z', 'deletedAt': None, 'userId': '3c24bd25-d045-4c16-970d-1b3c390bcfbb', 'u...</msg>
<arg>${responseDictCases}</arg>
<doc>Makes a variable available everywhere within the scope of the current test.</doc>
<status status="PASS" start="2024-03-13T22:25:19.181831" elapsed="0.000843"/>
</kw>
<arg>${accessToken}</arg>
<arg>${baseUrl}</arg>
<arg>TwoProprietorCaseByEmail</arg>
<status status="PASS" start="2024-03-13T22:25:14.504336" elapsed="4.678414"/>
</kw>
<kw name="Validate Create Case Response" owner="CreateCase">
<kw name="Get From Dictionary" owner="Collections">
<msg time="2024-03-13T22:25:19.183392" level="INFO">${meetingRoom} = 5b5c-41c8-b8b0</msg>
<var>${meetingRoom}</var>
<arg>${responseDictCases}</arg>
<arg>meetingRoomId</arg>
<doc>Returns a value from the given ``dictionary`` based on the given ``key``.</doc>
<status status="PASS" start="2024-03-13T22:25:19.183243" elapsed="0.000170"/>
</kw>
<kw name="Should Not Be Empty" owner="BuiltIn">
<msg time="2024-03-13T22:25:19.183621" level="INFO">Length is 14.</msg>
<arg>${meetingRoom}</arg>
<doc>Verifies that the given item is not empty.</doc>
<status status="PASS" start="2024-03-13T22:25:19.183518" elapsed="0.000136"/>
</kw>
<kw name="Get From Dictionary" owner="Collections">
<msg time="2024-03-13T22:25:19.184174" level="INFO">${frontIdCardAttempt} = {'attempts': 3, 'required': True, 'isEditable': True, 'threshHold': 0.8, 'validations': [], 'currentAttempt': 3, 'dependenciesRequired': False, 'compareNonEssentialFields': False}</msg>
<var>${frontIdCardAttempt}</var>
<arg>${responseDictCases["proprietors"][0]["verificationCache"]}</arg>
<arg>frontIdCardConfig</arg>
<doc>Returns a value from the given ``dictionary`` based on the given ``key``.</doc>
<status status="PASS" start="2024-03-13T22:25:19.183749" elapsed="0.000448"/>
</kw>
<kw name="Evaluate" owner="BuiltIn">
<msg time="2024-03-13T22:25:19.184508" level="INFO">${formatted_json} = {"attempts": 3, "required": true, "isEditable": true, "threshHold": 0.8, "validations": [], "currentAttempt": 3, "dependenciesRequired": false, "compareNonEssentialFields": false}</msg>
<var>${formatted_json}</var>
<arg>json.dumps($frontIdCardAttempt)</arg>
<doc>Evaluates the given expression in Python and returns the result.</doc>
<status status="PASS" start="2024-03-13T22:25:19.184302" elapsed="0.000232"/>
</kw>
<kw name="Set Variable" owner="BuiltIn">
<msg time="2024-03-13T22:25:19.184767" level="INFO">${actual_json} = {"attempts": 3, "required": true, "isEditable": true, "threshHold": 0.8, "validations": [], "currentAttempt": 3, "dependenciesRequired": false, "compareNonEssentialFields": false}</msg>
<var>${actual_json}</var>
<arg>{\"attempts\": 3, \"required\": true, \"isEditable\": true, \"threshHold\": 0.8, \"validations\": [], \"currentAttempt\": 3, \"dependenciesRequired\": false, \"compareNonEssentialFields\": false}</arg>
<doc>Returns the given values which can then be assigned to a variables.</doc>
<status status="PASS" start="2024-03-13T22:25:19.184641" elapsed="0.000147"/>
</kw>
<kw name="Should Be Equal As Strings" owner="BuiltIn">
<arg>${formatted_json}</arg>
<arg>${actual_json}</arg>
<doc>Fails if objects are unequal after converting them to strings.</doc>
<status status="PASS" start="2024-03-13T22:25:19.184889" elapsed="0.003369"/>
</kw>
<status status="PASS" start="2024-03-13T22:25:19.183005" elapsed="0.005315"/>
</kw>
<kw name="Validate Invite Type As Email" owner="CreateCase">
<kw name="Get From Dictionary" owner="Collections">
<msg time="2024-03-13T22:25:19.189023" level="INFO">${inviteType} = email</msg>
<var>${inviteType}</var>
<arg>${responseDictCases["proprietors"][0]}</arg>
<arg>inviteType</arg>
<doc>Returns a value from the given ``dictionary`` based on the given ``key``.</doc>
<status status="PASS" start="2024-03-13T22:25:19.188659" elapsed="0.000384"/>
</kw>
<kw name="Should Be Equal As Strings" owner="BuiltIn">
<arg>${inviteType}</arg>
<arg>email</arg>
<doc>Fails if objects are unequal after converting them to strings.</doc>
<status status="PASS" start="2024-03-13T22:25:19.189137" elapsed="0.000115"/>
</kw>
<status status="PASS" start="2024-03-13T22:25:19.188464" elapsed="0.000840"/>
</kw>
<status status="PASS" start="2024-03-13T22:25:14.312928" elapsed="4.876547"/>
</test>
<status status="PASS" start="2024-03-13T22:25:14.172042" elapsed="5.017847"/>
</suite>
<statistics>
<total>
<stat pass="1" fail="0" skip="0">All Tests</stat>
</total>
<tag>
</tag>
<suite>
<stat pass="1" fail="0" skip="0" id="s1" name="CreateCase">CreateCase</stat>
</suite>
</statistics>
<errors>
</errors>
</robot>
